Start training
GPU available: True (cuda), used: False
TPU available: False, using: 0 TPU cores
HPU available: False, using: 0 HPUs
/home/amaruc/DeepPhase4Audio/.env/lib/python3.12/site-packages/pytorch_lightning/trainer/setup.py:177: GPU available but not used. You can set it by doing `Trainer(accelerator='gpu')`.
wandb: Using wandb-core as the SDK backend.  Please refer to https://wandb.me/wandb-core for more information.
wandb: Currently logged in as: amaruc (amaruc-eth-z-rich). Use `wandb login --relogin` to force relogin
wandb: Tracking run with wandb version 0.19.0
wandb: Run data is saved locally in ./wandb/run-20241230_115222-c4lmvx4g
wandb: Run `wandb offline` to turn off syncing.
wandb: Syncing run T1230-1152_PAEDeep_965ff
wandb: ⭐️ View project at https://wandb.ai/amaruc-eth-z-rich/Deep%20Learning
wandb: 🚀 View run at https://wandb.ai/amaruc-eth-z-rich/Deep%20Learning/runs/c4lmvx4g
/home/amaruc/DeepPhase4Audio/.env/lib/python3.12/site-packages/pytorch_lightning/callbacks/model_checkpoint.py:654: Checkpoint directory /home/amaruc/DeepPhase4Audio/logs/checkpoints exists and is not empty.
Number of samples in train split: 41
Number of samples in valid split: 5
Number of samples in test split: 6
┏━━━┳━━━━━━━━━━━┳━━━━━━━━━━┳━━━━━━━━┳━━━━━━━┓
┃   ┃ Name      ┃ Type     ┃ Params ┃ Mode  ┃
┡━━━╇━━━━━━━━━━━╇━━━━━━━━━━╇━━━━━━━━╇━━━━━━━┩
│ 0 │ model     │ PAEDeep  │  308 K │ train │
│ 1 │ loss      │ MSELoss  │      0 │ train │
│ 2 │ stft_loss │ STFTLoss │      0 │ train │
└───┴───────────┴──────────┴────────┴───────┘
Trainable params: 260 K                                                         
Non-trainable params: 48.0 K                                                    
Total params: 308 K                                                             
Total estimated model params size (MB): 1                                       
Modules in train mode: 16                                                       
Modules in eval mode: 0                                                         
SLURM auto-requeueing enabled. Setting signal handlers.
/home/amaruc/DeepPhase4Audio/.env/lib/python3.12/site-packages/torch/utils/data/dataloader.py:617: UserWarning: This DataLoader will create 7 worker processes in total. Our suggested max number of worker in current system is 2, which is smaller than what this DataLoader is going to create. Please be aware that excessive worker creation might get DataLoader running slow or even freeze, lower the worker number to avoid potential slowness/freeze if necessary.
  warnings.warn(
/home/amaruc/DeepPhase4Audio/.env/lib/python3.12/site-packages/torch/nn/modules/conv.py:370: UserWarning: Using padding='same' with even kernel lengths and odd dilation may require a zero-padded copy of the input be created (Triggered internally at ../aten/src/ATen/native/Convolution.cpp:1036.)
  return F.conv1d(
`Trainer.fit` stopped: `max_epochs=200` reached.
Epoch 199/199 ━━━━━━━━━━━━━━━━ 13/13 0:00:06 •        2.16it/s v_num: g_72      
                                     0:00:00                   loss_train/mse_l…
                                                               7.436e-02        
                                                               loss_train/stft_…
                                                               1.006e+00        
                                                               loss_train/stft_…
                                                               1.863e+00        
                                                               loss_train/total…
                                                               3.192e+00        
FIT Profiler Report

----------------------------------------------------------------------------------------------------------------------------------------------------------------------------------------------------------------------------------------------------------------------------------
|  Action                                                                                                                                                                      	|  Mean duration (s)	|  Num calls      	|  Total time (s) 	|  Percentage %   	|
----------------------------------------------------------------------------------------------------------------------------------------------------------------------------------------------------------------------------------------------------------------------------------
|  Total                                                                                                                                                                       	|  -              	|  105333         	|  2298.3         	|  100 %          	|
----------------------------------------------------------------------------------------------------------------------------------------------------------------------------------------------------------------------------------------------------------------------------------
|  run_training_epoch                                                                                                                                                          	|  11.462         	|  200            	|  2292.3         	|  99.74          	|
|  run_training_batch                                                                                                                                                          	|  0.46126        	|  2600           	|  1199.3         	|  52.181         	|
|  [LightningModule]PAEDeepModel.optimizer_step                                                                                                                                	|  0.46003        	|  2600           	|  1196.1         	|  52.042         	|
|  [Strategy]SingleDeviceStrategy.backward                                                                                                                                     	|  0.37009        	|  2600           	|  962.22         	|  41.866         	|
|  [Strategy]SingleDeviceStrategy.validation_step                                                                                                                              	|  2.3891         	|  401            	|  958.05         	|  41.685         	|
|  [Strategy]SingleDeviceStrategy.training_step                                                                                                                                	|  0.086197       	|  2600           	|  224.11         	|  9.7511         	|
|  [Callback]RichProgressBar.on_train_batch_end                                                                                                                                	|  0.00092106     	|  2600           	|  2.3948         	|  0.1042         	|
|  [_TrainingEpochLoop].train_dataloader_next                                                                                                                                  	|  0.00020466     	|  2600           	|  0.53211        	|  0.023152       	|
|  [Callback]ModelCheckpoint{'monitor': 'metrics/MAE_val', 'mode': 'min', 'every_n_train_steps': 0, 'every_n_epochs': 1, 'train_time_interval': None}.on_train_epoch_end       	|  0.0025952      	|  200            	|  0.51904        	|  0.022583       	|
|  [LightningModule]PAEDeepModel.optimizer_zero_grad                                                                                                                           	|  0.000199       	|  2600           	|  0.51741        	|  0.022512       	|
|  [_EvaluationLoop].val_next                                                                                                                                                  	|  0.001235       	|  401            	|  0.49525        	|  0.021548       	|
|  [Callback]RichProgressBar.on_validation_batch_start                                                                                                                         	|  0.0010292      	|  401            	|  0.4127         	|  0.017956       	|
|  [Callback]RichProgressBar.on_validation_batch_end                                                                                                                           	|  0.00092392     	|  401            	|  0.37049        	|  0.01612        	|
|  [LightningModule]PAEDeepModel.on_validation_model_zero_grad                                                                                                                 	|  0.0015203      	|  200            	|  0.30406        	|  0.01323        	|
|  [Strategy]SingleDeviceStrategy.batch_to_device                                                                                                                              	|  7.9762e-05     	|  3001           	|  0.23936        	|  0.010415       	|
|  [LightningModule]PAEDeepModel.transfer_batch_to_device                                                                                                                      	|  4.284e-05      	|  3001           	|  0.12856        	|  0.0055938      	|
|  [LightningModule]PAEDeepModel.configure_gradient_clipping                                                                                                                   	|  4.768e-05      	|  2600           	|  0.12397        	|  0.0053938      	|
|  [Callback]RichProgressBar.on_train_epoch_start                                                                                                                              	|  0.00049926     	|  200            	|  0.099852       	|  0.0043445      	|
|  [LightningModule]PAEDeepModel.on_validation_model_eval                                                                                                                      	|  0.00025039     	|  201            	|  0.050327       	|  0.0021897      	|
|  [Callback]RichProgressBar.on_validation_epoch_end                                                                                                                           	|  0.00023562     	|  201            	|  0.047359       	|  0.0020606      	|
|  [Callback]ModelCheckpoint{'monitor': 'metrics/MAE_val', 'mode': 'min', 'every_n_train_steps': 0, 'every_n_epochs': 1, 'train_time_interval': None}.on_train_batch_end       	|  1.6008e-05     	|  2600           	|  0.041621       	|  0.0018109      	|
|  [Callback]RichProgressBar.on_validation_end                                                                                                                                 	|  0.00014335     	|  201            	|  0.028814       	|  0.0012537      	|
|  [LightningModule]PAEDeepModel.lr_scheduler_step                                                                                                                             	|  0.00011744     	|  200            	|  0.023487       	|  0.0010219      	|
|  [Callback]RichProgressBar.on_after_backward                                                                                                                                 	|  6.7874e-06     	|  2600           	|  0.017647       	|  0.00076783     	|
|  [Callback]ModelCheckpoint{'monitor': 'metrics/MAE_val', 'mode': 'min', 'every_n_train_steps': 0, 'every_n_epochs': 1, 'train_time_interval': None}.on_validation_end        	|  4.5854e-05     	|  201            	|  0.0092167      	|  0.00040102     	|
|  [Callback]RichProgressBar.on_train_epoch_end                                                                                                                                	|  4.5166e-05     	|  200            	|  0.0090333      	|  0.00039304     	|
|  [Callback]RichProgressBar.on_before_zero_grad                                                                                                                               	|  3.4068e-06     	|  2600           	|  0.0088577      	|  0.0003854      	|
|  [Callback]RichModelSummary.on_train_batch_end                                                                                                                               	|  3.0889e-06     	|  2600           	|  0.0080312      	|  0.00034944     	|
|  [Callback]RichProgressBar.on_before_backward                                                                                                                                	|  2.9475e-06     	|  2600           	|  0.0076636      	|  0.00033344     	|
|  [Callback]RichModelSummary.on_fit_start                                                                                                                                     	|  0.0075105      	|  1              	|  0.0075105      	|  0.00032678     	|
|  [LightningModule]PAEDeepModel.on_before_batch_transfer                                                                                                                      	|  2.427e-06      	|  3001           	|  0.0072834      	|  0.0003169      	|
|  [Callback]RichProgressBar.on_train_batch_start                                                                                                                              	|  2.3314e-06     	|  2600           	|  0.0060617      	|  0.00026374     	|
|  [Callback]ModelCheckpoint{'monitor': 'metrics/MAE_val', 'mode': 'min', 'every_n_train_steps': 0, 'every_n_epochs': 1, 'train_time_interval': None}.on_after_backward        	|  2.1303e-06     	|  2600           	|  0.0055388      	|  0.00024099     	|
|  [Callback]RichProgressBar.on_before_optimizer_step                                                                                                                          	|  2.0691e-06     	|  2600           	|  0.0053796      	|  0.00023407     	|
|  [Callback]RichProgressBar.on_validation_start                                                                                                                               	|  2.6524e-05     	|  201            	|  0.0053313      	|  0.00023196     	|
|  [Callback]RichProgressBar.teardown                                                                                                                                          	|  0.0038934      	|  1              	|  0.0038934      	|  0.0001694      	|
|  [LightningModule]PAEDeepModel.on_train_batch_end                                                                                                                            	|  1.3764e-06     	|  2600           	|  0.0035786      	|  0.0001557      	|
|  [LightningModule]PAEDeepModel.on_train_batch_start                                                                                                                          	|  1.3264e-06     	|  2600           	|  0.0034487      	|  0.00015005     	|
|  [LightningModule]PAEDeepModel.on_after_backward                                                                                                                             	|  1.285e-06      	|  2600           	|  0.0033411      	|  0.00014537     	|
|  [Callback]RichModelSummary.on_after_backward                                                                                                                                	|  1.2298e-06     	|  2600           	|  0.0031976      	|  0.00013913     	|
|  [LightningModule]PAEDeepModel.on_before_zero_grad                                                                                                                           	|  1.2248e-06     	|  2600           	|  0.0031844      	|  0.00013855     	|
|  [Strategy]SingleDeviceStrategy.on_train_batch_start                                                                                                                         	|  1.189e-06      	|  2600           	|  0.0030914      	|  0.0001345      	|
|  [Callback]RichModelSummary.on_before_zero_grad                                                                                                                              	|  1.1503e-06     	|  2600           	|  0.0029908      	|  0.00013013     	|
|  [LightningModule]PAEDeepModel.on_before_optimizer_step                                                                                                                      	|  1.142e-06      	|  2600           	|  0.0029693      	|  0.00012919     	|
|  [LightningModule]PAEDeepModel.on_before_backward                                                                                                                            	|  1.1067e-06     	|  2600           	|  0.0028775      	|  0.0001252      	|
|  [LightningModule]PAEDeepModel.on_after_batch_transfer                                                                                                                       	|  9.4952e-07     	|  3001           	|  0.0028495      	|  0.00012398     	|
|  [Callback]RichModelSummary.on_train_batch_start                                                                                                                             	|  1.0305e-06     	|  2600           	|  0.0026793      	|  0.00011658     	|
|  [Callback]ModelCheckpoint{'monitor': 'metrics/MAE_val', 'mode': 'min', 'every_n_train_steps': 0, 'every_n_epochs': 1, 'train_time_interval': None}.on_before_zero_grad      	|  9.5326e-07     	|  2600           	|  0.0024785      	|  0.00010784     	|
|  [Callback]ModelCheckpoint{'monitor': 'metrics/MAE_val', 'mode': 'min', 'every_n_train_steps': 0, 'every_n_epochs': 1, 'train_time_interval': None}.on_train_batch_start     	|  9.4794e-07     	|  2600           	|  0.0024646      	|  0.00010724     	|
|  [Callback]ModelCheckpoint{'monitor': 'metrics/MAE_val', 'mode': 'min', 'every_n_train_steps': 0, 'every_n_epochs': 1, 'train_time_interval': None}.on_before_optimizer_step 	|  9.4389e-07     	|  2600           	|  0.0024541      	|  0.00010678     	|
|  [Callback]RichModelSummary.on_before_backward                                                                                                                               	|  9.2469e-07     	|  2600           	|  0.0024042      	|  0.00010461     	|
|  [Callback]ModelCheckpoint{'monitor': 'metrics/MAE_val', 'mode': 'min', 'every_n_train_steps': 0, 'every_n_epochs': 1, 'train_time_interval': None}.on_before_backward       	|  8.8387e-07     	|  2600           	|  0.0022981      	|  9.9989e-05     	|
|  [Callback]RichModelSummary.on_before_optimizer_step                                                                                                                         	|  8.7521e-07     	|  2600           	|  0.0022756      	|  9.9009e-05     	|
|  [LightningModule]PAEDeepModel.val_dataloader                                                                                                                                	|  0.0018582      	|  1              	|  0.0018582      	|  8.0848e-05     	|
|  [Callback]ModelCheckpoint{'monitor': 'metrics/MAE_val', 'mode': 'min', 'every_n_train_steps': 0, 'every_n_epochs': 1, 'train_time_interval': None}.setup                    	|  0.001314       	|  1              	|  0.001314       	|  5.717e-05      	|
|  [Callback]RichModelSummary.on_validation_batch_end                                                                                                                          	|  3.2692e-06     	|  401            	|  0.0013109      	|  5.7039e-05     	|
|  [Callback]RichModelSummary.on_validation_start                                                                                                                              	|  5.4277e-06     	|  201            	|  0.001091       	|  4.7468e-05     	|
|  [Callback]RichProgressBar.on_validation_epoch_start                                                                                                                         	|  5.3632e-06     	|  201            	|  0.001078       	|  4.6904e-05     	|
|  [LightningModule]PAEDeepModel.on_validation_start                                                                                                                           	|  5.2263e-06     	|  201            	|  0.0010505      	|  4.5706e-05     	|
|  [Strategy]SingleDeviceStrategy.on_validation_start                                                                                                                          	|  4.9953e-06     	|  201            	|  0.001004       	|  4.3686e-05     	|
|  [Callback]RichModelSummary.on_validation_batch_start                                                                                                                        	|  2.0426e-06     	|  401            	|  0.0008191      	|  3.5639e-05     	|
|  [Callback]ModelCheckpoint{'monitor': 'metrics/MAE_val', 'mode': 'min', 'every_n_train_steps': 0, 'every_n_epochs': 1, 'train_time_interval': None}.on_validation_batch_end  	|  1.5706e-06     	|  401            	|  0.0006298      	|  2.7402e-05     	|
|  [LightningModule]PAEDeepModel.on_validation_batch_end                                                                                                                       	|  1.428e-06      	|  401            	|  0.00057262     	|  2.4915e-05     	|
|  [Callback]RichModelSummary.on_train_epoch_start                                                                                                                             	|  2.6012e-06     	|  200            	|  0.00052024     	|  2.2635e-05     	|
|  [LightningModule]PAEDeepModel.on_validation_batch_start                                                                                                                     	|  1.1876e-06     	|  401            	|  0.00047623     	|  2.0721e-05     	|
|  [Callback]RichModelSummary.on_validation_end                                                                                                                                	|  2.3691e-06     	|  201            	|  0.00047618     	|  2.0719e-05     	|
|  [Callback]RichModelSummary.on_validation_epoch_end                                                                                                                          	|  2.3112e-06     	|  201            	|  0.00046456     	|  2.0213e-05     	|
|  [Callback]ModelCheckpoint{'monitor': 'metrics/MAE_val', 'mode': 'min', 'every_n_train_steps': 0, 'every_n_epochs': 1, 'train_time_interval': None}.on_validation_batch_start	|  1.1076e-06     	|  401            	|  0.00044415     	|  1.9325e-05     	|
|  [Callback]RichProgressBar.on_sanity_check_start                                                                                                                             	|  0.00042079     	|  1              	|  0.00042079     	|  1.8308e-05     	|
|  [LightningModule]PAEDeepModel.train_dataloader                                                                                                                              	|  0.00041584     	|  1              	|  0.00041584     	|  1.8093e-05     	|
|  [Callback]RichModelSummary.on_train_epoch_end                                                                                                                               	|  2.0217e-06     	|  200            	|  0.00040433     	|  1.7593e-05     	|
|  [LightningModule]PAEDeepModel.configure_optimizers                                                                                                                          	|  0.00029307     	|  1              	|  0.00029307     	|  1.2752e-05     	|
|  [Callback]ModelCheckpoint{'monitor': 'metrics/MAE_val', 'mode': 'min', 'every_n_train_steps': 0, 'every_n_epochs': 1, 'train_time_interval': None}.on_train_epoch_start     	|  1.3458e-06     	|  200            	|  0.00026916     	|  1.1711e-05     	|
|  [LightningModule]PAEDeepModel.on_validation_epoch_end                                                                                                                       	|  1.302e-06      	|  201            	|  0.00026169     	|  1.1386e-05     	|
|  [LightningModule]PAEDeepModel.on_train_epoch_end                                                                                                                            	|  1.2799e-06     	|  200            	|  0.00025598     	|  1.1138e-05     	|
|  [LightningModule]PAEDeepModel.on_validation_end                                                                                                                             	|  1.2297e-06     	|  201            	|  0.00024717     	|  1.0754e-05     	|
|  [LightningModule]PAEDeepModel.on_train_epoch_start                                                                                                                          	|  1.1554e-06     	|  200            	|  0.00023108     	|  1.0054e-05     	|
|  [Callback]ModelCheckpoint{'monitor': 'metrics/MAE_val', 'mode': 'min', 'every_n_train_steps': 0, 'every_n_epochs': 1, 'train_time_interval': None}.on_validation_epoch_end  	|  1.1477e-06     	|  201            	|  0.00023069     	|  1.0037e-05     	|
|  [Callback]ModelCheckpoint{'monitor': 'metrics/MAE_val', 'mode': 'min', 'every_n_train_steps': 0, 'every_n_epochs': 1, 'train_time_interval': None}.on_validation_start      	|  1.1317e-06     	|  201            	|  0.00022747     	|  9.897e-06      	|
|  [Callback]ModelCheckpoint{'monitor': 'metrics/MAE_val', 'mode': 'min', 'every_n_train_steps': 0, 'every_n_epochs': 1, 'train_time_interval': None}.on_validation_epoch_start	|  1.0692e-06     	|  201            	|  0.0002149      	|  9.3503e-06     	|
|  [Strategy]SingleDeviceStrategy.on_validation_end                                                                                                                            	|  1.0634e-06     	|  201            	|  0.00021374     	|  9.2998e-06     	|
|  [LightningModule]PAEDeepModel.on_validation_epoch_start                                                                                                                     	|  1.0481e-06     	|  201            	|  0.00021067     	|  9.166e-06      	|
|  [Callback]RichModelSummary.on_validation_epoch_start                                                                                                                        	|  8.9634e-07     	|  201            	|  0.00018016     	|  7.8389e-06     	|
|  [Callback]RichProgressBar.on_sanity_check_end                                                                                                                               	|  0.00012651     	|  1              	|  0.00012651     	|  5.5046e-06     	|
|  [Callback]RichProgressBar.on_save_checkpoint                                                                                                                                	|  2.1388e-06     	|  16             	|  3.4221e-05     	|  1.489e-06      	|
|  [Callback]RichProgressBar.on_train_start                                                                                                                                    	|  3.0067e-05     	|  1              	|  3.0067e-05     	|  1.3082e-06     	|
|  [Callback]ModelCheckpoint{'monitor': 'metrics/MAE_val', 'mode': 'min', 'every_n_train_steps': 0, 'every_n_epochs': 1, 'train_time_interval': None}.on_save_checkpoint       	|  1.3022e-06     	|  16             	|  2.0835e-05     	|  9.0653e-07     	|
|  [LightningModule]PAEDeepModel.on_save_checkpoint                                                                                                                            	|  9.4313e-07     	|  16             	|  1.509e-05      	|  6.5657e-07     	|
|  [Callback]RichModelSummary.on_save_checkpoint                                                                                                                               	|  8.8618e-07     	|  16             	|  1.4179e-05     	|  6.1692e-07     	|
|  [Callback]ModelCheckpoint{'monitor': 'metrics/MAE_val', 'mode': 'min', 'every_n_train_steps': 0, 'every_n_epochs': 1, 'train_time_interval': None}.on_train_start           	|  1.4144e-05     	|  1              	|  1.4144e-05     	|  6.154e-07      	|
|  [Callback]RichModelSummary.on_sanity_check_end                                                                                                                              	|  8.925e-06      	|  1              	|  8.925e-06      	|  3.8832e-07     	|
|  [Callback]RichProgressBar.setup                                                                                                                                             	|  8.5691e-06     	|  1              	|  8.5691e-06     	|  3.7284e-07     	|
|  [Callback]RichProgressBar.on_fit_end                                                                                                                                        	|  6.64e-06       	|  1              	|  6.64e-06       	|  2.889e-07      	|
|  [Callback]RichModelSummary.on_train_start                                                                                                                                   	|  4.8401e-06     	|  1              	|  4.8401e-06     	|  2.1059e-07     	|
|  [LightningModule]PAEDeepModel.on_train_start                                                                                                                                	|  4.495e-06      	|  1              	|  4.495e-06      	|  1.9558e-07     	|
|  [Strategy]SingleDeviceStrategy.on_train_start                                                                                                                               	|  4.29e-06       	|  1              	|  4.29e-06       	|  1.8666e-07     	|
|  [Callback]RichModelSummary.teardown                                                                                                                                         	|  4.175e-06      	|  1              	|  4.175e-06      	|  1.8165e-07     	|
|  [Callback]ModelCheckpoint{'monitor': 'metrics/MAE_val', 'mode': 'min', 'every_n_train_steps': 0, 'every_n_epochs': 1, 'train_time_interval': None}.on_fit_start             	|  3.289e-06      	|  1              	|  3.289e-06      	|  1.431e-07      	|
|  [Callback]RichProgressBar.on_train_end                                                                                                                                      	|  2.9149e-06     	|  1              	|  2.9149e-06     	|  1.2683e-07     	|
|  [Callback]RichProgressBar.on_fit_start                                                                                                                                      	|  2.9111e-06     	|  1              	|  2.9111e-06     	|  1.2666e-07     	|
|  [Callback]RichModelSummary.on_sanity_check_start                                                                                                                            	|  2.794e-06      	|  1              	|  2.794e-06      	|  1.2157e-07     	|
|  [Callback]RichModelSummary.setup                                                                                                                                            	|  2.7e-06        	|  1              	|  2.7e-06        	|  1.1748e-07     	|
|  [LightningModule]PAEDeepModel.setup                                                                                                                                         	|  2.504e-06      	|  1              	|  2.504e-06      	|  1.0895e-07     	|
|  [LightningModule]PAEDeepModel.configure_callbacks                                                                                                                           	|  2.26e-06       	|  1              	|  2.26e-06       	|  9.8331e-08     	|
|  [LightningModule]PAEDeepModel.teardown                                                                                                                                      	|  1.728e-06      	|  1              	|  1.728e-06      	|  7.5183e-08     	|
|  [Callback]ModelCheckpoint{'monitor': 'metrics/MAE_val', 'mode': 'min', 'every_n_train_steps': 0, 'every_n_epochs': 1, 'train_time_interval': None}.teardown                 	|  1.692e-06      	|  1              	|  1.692e-06      	|  7.3618e-08     	|
|  [LightningModule]PAEDeepModel.on_fit_start                                                                                                                                  	|  1.531e-06      	|  1              	|  1.531e-06      	|  6.6613e-08     	|
|  [Callback]ModelCheckpoint{'monitor': 'metrics/MAE_val', 'mode': 'min', 'every_n_train_steps': 0, 'every_n_epochs': 1, 'train_time_interval': None}.on_sanity_check_end      	|  1.4839e-06     	|  1              	|  1.4839e-06     	|  6.4566e-08     	|
|  [Callback]ModelCheckpoint{'monitor': 'metrics/MAE_val', 'mode': 'min', 'every_n_train_steps': 0, 'every_n_epochs': 1, 'train_time_interval': None}.on_sanity_check_start    	|  1.4e-06        	|  1              	|  1.4e-06        	|  6.0914e-08     	|
|  [LightningModule]PAEDeepModel.on_fit_end                                                                                                                                    	|  1.387e-06      	|  1              	|  1.387e-06      	|  6.0347e-08     	|
|  [Callback]ModelCheckpoint{'monitor': 'metrics/MAE_val', 'mode': 'min', 'every_n_train_steps': 0, 'every_n_epochs': 1, 'train_time_interval': None}.on_fit_end               	|  1.264e-06      	|  1              	|  1.264e-06      	|  5.4998e-08     	|
|  [Callback]RichModelSummary.on_train_end                                                                                                                                     	|  1.199e-06      	|  1              	|  1.199e-06      	|  5.2167e-08     	|
|  [Callback]RichModelSummary.on_fit_end                                                                                                                                       	|  1.1971e-06     	|  1              	|  1.1971e-06     	|  5.2086e-08     	|
|  [Callback]ModelCheckpoint{'monitor': 'metrics/MAE_val', 'mode': 'min', 'every_n_train_steps': 0, 'every_n_epochs': 1, 'train_time_interval': None}.on_train_end             	|  1.1809e-06     	|  1              	|  1.1809e-06     	|  5.1382e-08     	|
|  [LightningModule]PAEDeepModel.on_train_end                                                                                                                                  	|  1.0721e-06     	|  1              	|  1.0721e-06     	|  4.6646e-08     	|
|  [Strategy]SingleDeviceStrategy.on_train_end                                                                                                                                 	|  8.3703e-07     	|  1              	|  8.3703e-07     	|  3.6419e-08     	|
----------------------------------------------------------------------------------------------------------------------------------------------------------------------------------------------------------------------------------------------------------------------------------

SLURM auto-requeueing enabled. Setting signal handlers.
┏━━━━━━━━━━━━━━━━━━━━━━━━━━━┳━━━━━━━━━━━━━━━━━━━━━━━━━━━┓
┃        Test metric        ┃       DataLoader 0        ┃
┡━━━━━━━━━━━━━━━━━━━━━━━━━━━╇━━━━━━━━━━━━━━━━━━━━━━━━━━━┩
│     metrics/MAE_test      │    0.21324153244495392    │
└───────────────────────────┴───────────────────────────┘
Testing ━━━━━━━━━━━━━━━━━━━━━━━━━━━━━━━━━━━━━━━ 2/2 0:00:00 • 0:00:00 8.22it/s 
TEST Profiler Report

----------------------------------------------------------------------------------------------------------------------------------------------------------------------------------------------------------------------------------------------------------------------------------
|  Action                                                                                                                                                                      	|  Mean duration (s)	|  Num calls      	|  Total time (s) 	|  Percentage %   	|
----------------------------------------------------------------------------------------------------------------------------------------------------------------------------------------------------------------------------------------------------------------------------------
|  Total                                                                                                                                                                       	|  -              	|  105390         	|  2299.0         	|  100 %          	|
----------------------------------------------------------------------------------------------------------------------------------------------------------------------------------------------------------------------------------------------------------------------------------
|  run_training_epoch                                                                                                                                                          	|  11.462         	|  200            	|  2292.3         	|  99.709         	|
|  run_training_batch                                                                                                                                                          	|  0.46126        	|  2600           	|  1199.3         	|  52.165         	|
|  [LightningModule]PAEDeepModel.optimizer_step                                                                                                                                	|  0.46003        	|  2600           	|  1196.1         	|  52.026         	|
|  [Strategy]SingleDeviceStrategy.backward                                                                                                                                     	|  0.37009        	|  2600           	|  962.22         	|  41.854         	|
|  [Strategy]SingleDeviceStrategy.validation_step                                                                                                                              	|  2.3891         	|  401            	|  958.05         	|  41.672         	|
|  [Strategy]SingleDeviceStrategy.training_step                                                                                                                                	|  0.086197       	|  2600           	|  224.11         	|  9.7482         	|
|  [Callback]RichProgressBar.on_train_batch_end                                                                                                                                	|  0.00092106     	|  2600           	|  2.3948         	|  0.10416        	|
|  [_TrainingEpochLoop].train_dataloader_next                                                                                                                                  	|  0.00020466     	|  2600           	|  0.53211        	|  0.023145       	|
|  [Callback]ModelCheckpoint{'monitor': 'metrics/MAE_val', 'mode': 'min', 'every_n_train_steps': 0, 'every_n_epochs': 1, 'train_time_interval': None}.on_train_epoch_end       	|  0.0025952      	|  200            	|  0.51904        	|  0.022577       	|
|  [LightningModule]PAEDeepModel.optimizer_zero_grad                                                                                                                           	|  0.000199       	|  2600           	|  0.51741        	|  0.022506       	|
|  [_EvaluationLoop].val_next                                                                                                                                                  	|  0.001235       	|  401            	|  0.49525        	|  0.021542       	|
|  [Callback]RichProgressBar.on_validation_batch_start                                                                                                                         	|  0.0010292      	|  401            	|  0.4127         	|  0.017951       	|
|  [Callback]RichProgressBar.on_validation_batch_end                                                                                                                           	|  0.00092392     	|  401            	|  0.37049        	|  0.016115       	|
|  [LightningModule]PAEDeepModel.on_validation_model_zero_grad                                                                                                                 	|  0.0015203      	|  200            	|  0.30406        	|  0.013226       	|
|  [Strategy]SingleDeviceStrategy.test_step                                                                                                                                    	|  0.14115        	|  2              	|  0.2823         	|  0.012279       	|
|  [Strategy]SingleDeviceStrategy.batch_to_device                                                                                                                              	|  7.9797e-05     	|  3003           	|  0.23963        	|  0.010423       	|
|  [LightningModule]PAEDeepModel.transfer_batch_to_device                                                                                                                      	|  4.2861e-05     	|  3003           	|  0.12871        	|  0.0055985      	|
|  [LightningModule]PAEDeepModel.configure_gradient_clipping                                                                                                                   	|  4.768e-05      	|  2600           	|  0.12397        	|  0.0053921      	|
|  [Callback]RichProgressBar.on_train_epoch_start                                                                                                                              	|  0.00049926     	|  200            	|  0.099852       	|  0.0043432      	|
|  [LightningModule]PAEDeepModel.on_validation_model_eval                                                                                                                      	|  0.00025039     	|  201            	|  0.050327       	|  0.0021891      	|
|  [Callback]RichProgressBar.on_validation_epoch_end                                                                                                                           	|  0.00023562     	|  201            	|  0.047359       	|  0.00206        	|
|  [Callback]ModelCheckpoint{'monitor': 'metrics/MAE_val', 'mode': 'min', 'every_n_train_steps': 0, 'every_n_epochs': 1, 'train_time_interval': None}.on_train_batch_end       	|  1.6008e-05     	|  2600           	|  0.041621       	|  0.0018104      	|
|  [_EvaluationLoop].test_next                                                                                                                                                 	|  0.018025       	|  2              	|  0.03605        	|  0.0015681      	|
|  [Callback]RichProgressBar.on_validation_end                                                                                                                                 	|  0.00014335     	|  201            	|  0.028814       	|  0.0012533      	|
|  [LightningModule]PAEDeepModel.lr_scheduler_step                                                                                                                             	|  0.00011744     	|  200            	|  0.023487       	|  0.0010216      	|
|  [Callback]RichProgressBar.on_after_backward                                                                                                                                 	|  6.7874e-06     	|  2600           	|  0.017647       	|  0.0007676      	|
|  [Callback]ModelCheckpoint{'monitor': 'metrics/MAE_val', 'mode': 'min', 'every_n_train_steps': 0, 'every_n_epochs': 1, 'train_time_interval': None}.on_validation_end        	|  4.5854e-05     	|  201            	|  0.0092167      	|  0.0004009      	|
|  [Callback]RichProgressBar.on_train_epoch_end                                                                                                                                	|  4.5166e-05     	|  200            	|  0.0090333      	|  0.00039292     	|
|  [Callback]RichProgressBar.on_before_zero_grad                                                                                                                               	|  3.4068e-06     	|  2600           	|  0.0088577      	|  0.00038528     	|
|  [Callback]RichModelSummary.on_train_batch_end                                                                                                                               	|  3.0889e-06     	|  2600           	|  0.0080312      	|  0.00034933     	|
|  [Callback]RichProgressBar.on_before_backward                                                                                                                                	|  2.9475e-06     	|  2600           	|  0.0076636      	|  0.00033334     	|
|  [Callback]RichModelSummary.on_fit_start                                                                                                                                     	|  0.0075105      	|  1              	|  0.0075105      	|  0.00032668     	|
|  [LightningModule]PAEDeepModel.on_before_batch_transfer                                                                                                                      	|  2.4279e-06     	|  3003           	|  0.007291       	|  0.00031714     	|
|  [Callback]RichProgressBar.teardown                                                                                                                                          	|  0.0030646      	|  2              	|  0.0061292      	|  0.0002666      	|
|  [Callback]RichProgressBar.on_train_batch_start                                                                                                                              	|  2.3314e-06     	|  2600           	|  0.0060617      	|  0.00026366     	|
|  [Callback]ModelCheckpoint{'monitor': 'metrics/MAE_val', 'mode': 'min', 'every_n_train_steps': 0, 'every_n_epochs': 1, 'train_time_interval': None}.on_after_backward        	|  2.1303e-06     	|  2600           	|  0.0055388      	|  0.00024092     	|
|  [Callback]RichProgressBar.on_before_optimizer_step                                                                                                                          	|  2.0691e-06     	|  2600           	|  0.0053796      	|  0.000234       	|
|  [Callback]RichProgressBar.on_validation_start                                                                                                                               	|  2.6524e-05     	|  201            	|  0.0053313      	|  0.00023189     	|
|  [LightningModule]PAEDeepModel.on_train_batch_end                                                                                                                            	|  1.3764e-06     	|  2600           	|  0.0035786      	|  0.00015566     	|
|  [LightningModule]PAEDeepModel.on_train_batch_start                                                                                                                          	|  1.3264e-06     	|  2600           	|  0.0034487      	|  0.00015001     	|
|  [LightningModule]PAEDeepModel.on_after_backward                                                                                                                             	|  1.285e-06      	|  2600           	|  0.0033411      	|  0.00014533     	|
|  [Callback]RichModelSummary.on_after_backward                                                                                                                                	|  1.2298e-06     	|  2600           	|  0.0031976      	|  0.00013908     	|
|  [LightningModule]PAEDeepModel.on_before_zero_grad                                                                                                                           	|  1.2248e-06     	|  2600           	|  0.0031844      	|  0.00013851     	|
|  [Strategy]SingleDeviceStrategy.on_train_batch_start                                                                                                                         	|  1.189e-06      	|  2600           	|  0.0030914      	|  0.00013446     	|
|  [Callback]RichModelSummary.on_before_zero_grad                                                                                                                              	|  1.1503e-06     	|  2600           	|  0.0029908      	|  0.00013009     	|
|  [LightningModule]PAEDeepModel.on_before_optimizer_step                                                                                                                      	|  1.142e-06      	|  2600           	|  0.0029693      	|  0.00012915     	|
|  [LightningModule]PAEDeepModel.on_before_backward                                                                                                                            	|  1.1067e-06     	|  2600           	|  0.0028775      	|  0.00012516     	|
|  [LightningModule]PAEDeepModel.on_after_batch_transfer                                                                                                                       	|  9.4969e-07     	|  3003           	|  0.0028519      	|  0.00012405     	|
|  [Callback]RichModelSummary.on_train_batch_start                                                                                                                             	|  1.0305e-06     	|  2600           	|  0.0026793      	|  0.00011654     	|
|  [Callback]ModelCheckpoint{'monitor': 'metrics/MAE_val', 'mode': 'min', 'every_n_train_steps': 0, 'every_n_epochs': 1, 'train_time_interval': None}.on_before_zero_grad      	|  9.5326e-07     	|  2600           	|  0.0024785      	|  0.00010781     	|
|  [Callback]ModelCheckpoint{'monitor': 'metrics/MAE_val', 'mode': 'min', 'every_n_train_steps': 0, 'every_n_epochs': 1, 'train_time_interval': None}.on_train_batch_start     	|  9.4794e-07     	|  2600           	|  0.0024646      	|  0.0001072      	|
|  [Callback]ModelCheckpoint{'monitor': 'metrics/MAE_val', 'mode': 'min', 'every_n_train_steps': 0, 'every_n_epochs': 1, 'train_time_interval': None}.on_before_optimizer_step 	|  9.4389e-07     	|  2600           	|  0.0024541      	|  0.00010675     	|
|  [Callback]RichModelSummary.on_before_backward                                                                                                                               	|  9.2469e-07     	|  2600           	|  0.0024042      	|  0.00010457     	|
|  [Callback]ModelCheckpoint{'monitor': 'metrics/MAE_val', 'mode': 'min', 'every_n_train_steps': 0, 'every_n_epochs': 1, 'train_time_interval': None}.on_before_backward       	|  8.8387e-07     	|  2600           	|  0.0022981      	|  9.9958e-05     	|
|  [Callback]RichModelSummary.on_before_optimizer_step                                                                                                                         	|  8.7521e-07     	|  2600           	|  0.0022756      	|  9.8979e-05     	|
|  [Callback]RichProgressBar.on_test_start                                                                                                                                     	|  0.0019787      	|  1              	|  0.0019787      	|  8.6066e-05     	|
|  [Callback]RichProgressBar.on_test_batch_start                                                                                                                               	|  0.00095043     	|  2              	|  0.0019009      	|  8.2681e-05     	|
|  [LightningModule]PAEDeepModel.val_dataloader                                                                                                                                	|  0.0018582      	|  1              	|  0.0018582      	|  8.0823e-05     	|
|  [Callback]ModelCheckpoint{'monitor': 'metrics/MAE_val', 'mode': 'min', 'every_n_train_steps': 0, 'every_n_epochs': 1, 'train_time_interval': None}.setup                    	|  0.00069196     	|  2              	|  0.0013839      	|  6.0196e-05     	|
|  [Callback]RichProgressBar.on_test_batch_end                                                                                                                                 	|  0.00067104     	|  2              	|  0.0013421      	|  5.8376e-05     	|
|  [Callback]RichModelSummary.on_validation_batch_end                                                                                                                          	|  3.2692e-06     	|  401            	|  0.0013109      	|  5.7021e-05     	|
|  [Callback]RichModelSummary.on_validation_start                                                                                                                              	|  5.4277e-06     	|  201            	|  0.001091       	|  4.7454e-05     	|
|  [Callback]RichProgressBar.on_validation_epoch_start                                                                                                                         	|  5.3632e-06     	|  201            	|  0.001078       	|  4.6889e-05     	|
|  [LightningModule]PAEDeepModel.on_validation_start                                                                                                                           	|  5.2263e-06     	|  201            	|  0.0010505      	|  4.5693e-05     	|
|  [Strategy]SingleDeviceStrategy.on_validation_start                                                                                                                          	|  4.9953e-06     	|  201            	|  0.001004       	|  4.3673e-05     	|
|  [Callback]RichModelSummary.on_validation_batch_start                                                                                                                        	|  2.0426e-06     	|  401            	|  0.0008191      	|  3.5628e-05     	|
|  [Callback]ModelCheckpoint{'monitor': 'metrics/MAE_val', 'mode': 'min', 'every_n_train_steps': 0, 'every_n_epochs': 1, 'train_time_interval': None}.on_validation_batch_end  	|  1.5706e-06     	|  401            	|  0.0006298      	|  2.7394e-05     	|
|  [LightningModule]PAEDeepModel.on_validation_batch_end                                                                                                                       	|  1.428e-06      	|  401            	|  0.00057262     	|  2.4907e-05     	|
|  [Callback]RichModelSummary.on_train_epoch_start                                                                                                                             	|  2.6012e-06     	|  200            	|  0.00052024     	|  2.2629e-05     	|
|  [LightningModule]PAEDeepModel.on_validation_batch_start                                                                                                                     	|  1.1876e-06     	|  401            	|  0.00047623     	|  2.0714e-05     	|
|  [Callback]RichModelSummary.on_validation_end                                                                                                                                	|  2.3691e-06     	|  201            	|  0.00047618     	|  2.0712e-05     	|
|  [Callback]RichModelSummary.on_validation_epoch_end                                                                                                                          	|  2.3112e-06     	|  201            	|  0.00046456     	|  2.0207e-05     	|
|  [Callback]ModelCheckpoint{'monitor': 'metrics/MAE_val', 'mode': 'min', 'every_n_train_steps': 0, 'every_n_epochs': 1, 'train_time_interval': None}.on_validation_batch_start	|  1.1076e-06     	|  401            	|  0.00044415     	|  1.9319e-05     	|
|  [Callback]RichProgressBar.on_sanity_check_start                                                                                                                             	|  0.00042079     	|  1              	|  0.00042079     	|  1.8303e-05     	|
|  [LightningModule]PAEDeepModel.train_dataloader                                                                                                                              	|  0.00041584     	|  1              	|  0.00041584     	|  1.8087e-05     	|
|  [Callback]RichModelSummary.on_train_epoch_end                                                                                                                               	|  2.0217e-06     	|  200            	|  0.00040433     	|  1.7587e-05     	|
|  [LightningModule]PAEDeepModel.test_dataloader                                                                                                                               	|  0.00033756     	|  1              	|  0.00033756     	|  1.4683e-05     	|
|  [LightningModule]PAEDeepModel.configure_optimizers                                                                                                                          	|  0.00029307     	|  1              	|  0.00029307     	|  1.2748e-05     	|
|  [LightningModule]PAEDeepModel.on_test_model_eval                                                                                                                            	|  0.00027254     	|  1              	|  0.00027254     	|  1.1855e-05     	|
|  [Callback]ModelCheckpoint{'monitor': 'metrics/MAE_val', 'mode': 'min', 'every_n_train_steps': 0, 'every_n_epochs': 1, 'train_time_interval': None}.on_train_epoch_start     	|  1.3458e-06     	|  200            	|  0.00026916     	|  1.1707e-05     	|
|  [LightningModule]PAEDeepModel.on_validation_epoch_end                                                                                                                       	|  1.302e-06      	|  201            	|  0.00026169     	|  1.1383e-05     	|
|  [LightningModule]PAEDeepModel.on_train_epoch_end                                                                                                                            	|  1.2799e-06     	|  200            	|  0.00025598     	|  1.1134e-05     	|
|  [LightningModule]PAEDeepModel.on_validation_end                                                                                                                             	|  1.2297e-06     	|  201            	|  0.00024717     	|  1.0751e-05     	|
|  [LightningModule]PAEDeepModel.on_train_epoch_start                                                                                                                          	|  1.1554e-06     	|  200            	|  0.00023108     	|  1.0051e-05     	|
|  [Callback]ModelCheckpoint{'monitor': 'metrics/MAE_val', 'mode': 'min', 'every_n_train_steps': 0, 'every_n_epochs': 1, 'train_time_interval': None}.on_validation_epoch_end  	|  1.1477e-06     	|  201            	|  0.00023069     	|  1.0034e-05     	|
|  [Callback]ModelCheckpoint{'monitor': 'metrics/MAE_val', 'mode': 'min', 'every_n_train_steps': 0, 'every_n_epochs': 1, 'train_time_interval': None}.on_validation_start      	|  1.1317e-06     	|  201            	|  0.00022747     	|  9.894e-06      	|
|  [Callback]ModelCheckpoint{'monitor': 'metrics/MAE_val', 'mode': 'min', 'every_n_train_steps': 0, 'every_n_epochs': 1, 'train_time_interval': None}.on_validation_epoch_start	|  1.0692e-06     	|  201            	|  0.0002149      	|  9.3475e-06     	|
|  [Strategy]SingleDeviceStrategy.on_validation_end                                                                                                                            	|  1.0634e-06     	|  201            	|  0.00021374     	|  9.297e-06      	|
|  [LightningModule]PAEDeepModel.on_validation_epoch_start                                                                                                                     	|  1.0481e-06     	|  201            	|  0.00021067     	|  9.1632e-06     	|
|  [Callback]RichModelSummary.on_validation_epoch_start                                                                                                                        	|  8.9634e-07     	|  201            	|  0.00018016     	|  7.8365e-06     	|
|  [Callback]RichProgressBar.on_sanity_check_end                                                                                                                               	|  0.00012651     	|  1              	|  0.00012651     	|  5.503e-06      	|
|  [Callback]RichProgressBar.on_save_checkpoint                                                                                                                                	|  2.1388e-06     	|  16             	|  3.4221e-05     	|  1.4885e-06     	|
|  [Callback]RichProgressBar.on_train_start                                                                                                                                    	|  3.0067e-05     	|  1              	|  3.0067e-05     	|  1.3078e-06     	|
|  [Callback]ModelCheckpoint{'monitor': 'metrics/MAE_val', 'mode': 'min', 'every_n_train_steps': 0, 'every_n_epochs': 1, 'train_time_interval': None}.on_save_checkpoint       	|  1.3022e-06     	|  16             	|  2.0835e-05     	|  9.0625e-07     	|
|  [Callback]RichProgressBar.setup                                                                                                                                             	|  8.1341e-06     	|  2              	|  1.6268e-05     	|  7.0761e-07     	|
|  [LightningModule]PAEDeepModel.on_save_checkpoint                                                                                                                            	|  9.4313e-07     	|  16             	|  1.509e-05      	|  6.5637e-07     	|
|  [Callback]RichModelSummary.on_save_checkpoint                                                                                                                               	|  8.8618e-07     	|  16             	|  1.4179e-05     	|  6.1673e-07     	|
|  [Callback]ModelCheckpoint{'monitor': 'metrics/MAE_val', 'mode': 'min', 'every_n_train_steps': 0, 'every_n_epochs': 1, 'train_time_interval': None}.on_train_start           	|  1.4144e-05     	|  1              	|  1.4144e-05     	|  6.1522e-07     	|
|  [Callback]RichModelSummary.teardown                                                                                                                                         	|  5.818e-06      	|  2              	|  1.1636e-05     	|  5.0612e-07     	|
|  [Callback]RichModelSummary.on_sanity_check_end                                                                                                                              	|  8.925e-06      	|  1              	|  8.925e-06      	|  3.8821e-07     	|
|  [LightningModule]PAEDeepModel.configure_callbacks                                                                                                                           	|  3.9285e-06     	|  2              	|  7.857e-06      	|  3.4175e-07     	|
|  [Callback]RichModelSummary.on_test_batch_end                                                                                                                                	|  3.588e-06      	|  2              	|  7.1761e-06     	|  3.1214e-07     	|
|  [Callback]RichProgressBar.on_fit_end                                                                                                                                        	|  6.64e-06       	|  1              	|  6.64e-06       	|  2.8882e-07     	|
|  [Callback]RichModelSummary.on_test_start                                                                                                                                    	|  6.295e-06      	|  1              	|  6.295e-06      	|  2.7381e-07     	|
|  [Callback]RichProgressBar.on_test_end                                                                                                                                       	|  5.442e-06      	|  1              	|  5.442e-06      	|  2.3671e-07     	|
|  [LightningModule]PAEDeepModel.on_test_start                                                                                                                                 	|  5.185e-06      	|  1              	|  5.185e-06      	|  2.2553e-07     	|
|  [Callback]RichModelSummary.on_train_start                                                                                                                                   	|  4.8401e-06     	|  1              	|  4.8401e-06     	|  2.1053e-07     	|
|  [Callback]RichProgressBar.on_test_epoch_start                                                                                                                               	|  4.834e-06      	|  1              	|  4.834e-06      	|  2.1026e-07     	|
|  [Callback]RichModelSummary.on_test_batch_start                                                                                                                              	|  2.2805e-06     	|  2              	|  4.561e-06      	|  1.9839e-07     	|
|  [LightningModule]PAEDeepModel.setup                                                                                                                                         	|  2.267e-06      	|  2              	|  4.5339e-06     	|  1.9721e-07     	|
|  [Callback]RichModelSummary.setup                                                                                                                                            	|  2.25e-06       	|  2              	|  4.5e-06        	|  1.9574e-07     	|
|  [LightningModule]PAEDeepModel.on_train_start                                                                                                                                	|  4.495e-06      	|  1              	|  4.495e-06      	|  1.9552e-07     	|
|  [Strategy]SingleDeviceStrategy.on_test_start                                                                                                                                	|  4.4799e-06     	|  1              	|  4.4799e-06     	|  1.9486e-07     	|
|  [Strategy]SingleDeviceStrategy.on_train_start                                                                                                                               	|  4.29e-06       	|  1              	|  4.29e-06       	|  1.866e-07      	|
|  [Callback]ModelCheckpoint{'monitor': 'metrics/MAE_val', 'mode': 'min', 'every_n_train_steps': 0, 'every_n_epochs': 1, 'train_time_interval': None}.on_test_batch_end        	|  2.136e-06      	|  2              	|  4.272e-06      	|  1.8582e-07     	|
|  [LightningModule]PAEDeepModel.teardown                                                                                                                                      	|  1.7874e-06     	|  2              	|  3.5749e-06     	|  1.555e-07      	|
|  [LightningModule]PAEDeepModel.on_test_batch_end                                                                                                                             	|  1.774e-06      	|  2              	|  3.548e-06      	|  1.5433e-07     	|
|  [Callback]RichProgressBar.on_test_epoch_end                                                                                                                                 	|  3.3821e-06     	|  1              	|  3.3821e-06     	|  1.4711e-07     	|
|  [Callback]ModelCheckpoint{'monitor': 'metrics/MAE_val', 'mode': 'min', 'every_n_train_steps': 0, 'every_n_epochs': 1, 'train_time_interval': None}.teardown                 	|  1.6545e-06     	|  2              	|  3.309e-06      	|  1.4393e-07     	|
|  [Callback]ModelCheckpoint{'monitor': 'metrics/MAE_val', 'mode': 'min', 'every_n_train_steps': 0, 'every_n_epochs': 1, 'train_time_interval': None}.on_fit_start             	|  3.289e-06      	|  1              	|  3.289e-06      	|  1.4306e-07     	|
|  [Callback]RichProgressBar.on_train_end                                                                                                                                      	|  2.9149e-06     	|  1              	|  2.9149e-06     	|  1.2679e-07     	|
|  [Callback]RichProgressBar.on_fit_start                                                                                                                                      	|  2.9111e-06     	|  1              	|  2.9111e-06     	|  1.2662e-07     	|
|  [Callback]RichModelSummary.on_sanity_check_start                                                                                                                            	|  2.794e-06      	|  1              	|  2.794e-06      	|  1.2153e-07     	|
|  [Callback]ModelCheckpoint{'monitor': 'metrics/MAE_val', 'mode': 'min', 'every_n_train_steps': 0, 'every_n_epochs': 1, 'train_time_interval': None}.on_test_batch_start      	|  1.3505e-06     	|  2              	|  2.701e-06      	|  1.1748e-07     	|
|  [LightningModule]PAEDeepModel.on_test_batch_start                                                                                                                           	|  1.2965e-06     	|  2              	|  2.593e-06      	|  1.1279e-07     	|
|  [Callback]RichModelSummary.on_test_end                                                                                                                                      	|  2.165e-06      	|  1              	|  2.165e-06      	|  9.4169e-08     	|
|  [LightningModule]PAEDeepModel.on_test_epoch_end                                                                                                                             	|  1.705e-06      	|  1              	|  1.705e-06      	|  7.4163e-08     	|
|  [Callback]ModelCheckpoint{'monitor': 'metrics/MAE_val', 'mode': 'min', 'every_n_train_steps': 0, 'every_n_epochs': 1, 'train_time_interval': None}.on_test_start            	|  1.6381e-06     	|  1              	|  1.6381e-06     	|  7.1251e-08     	|
|  [Strategy]SingleDeviceStrategy.on_test_end                                                                                                                                  	|  1.6229e-06     	|  1              	|  1.6229e-06     	|  7.0593e-08     	|
|  [LightningModule]PAEDeepModel.on_test_end                                                                                                                                   	|  1.6041e-06     	|  1              	|  1.6041e-06     	|  6.9772e-08     	|
|  [LightningModule]PAEDeepModel.on_fit_start                                                                                                                                  	|  1.531e-06      	|  1              	|  1.531e-06      	|  6.6592e-08     	|
|  [Callback]ModelCheckpoint{'monitor': 'metrics/MAE_val', 'mode': 'min', 'every_n_train_steps': 0, 'every_n_epochs': 1, 'train_time_interval': None}.on_sanity_check_end      	|  1.4839e-06     	|  1              	|  1.4839e-06     	|  6.4547e-08     	|
|  [Callback]ModelCheckpoint{'monitor': 'metrics/MAE_val', 'mode': 'min', 'every_n_train_steps': 0, 'every_n_epochs': 1, 'train_time_interval': None}.on_test_end              	|  1.456e-06      	|  1              	|  1.456e-06      	|  6.3331e-08     	|
|  [Callback]ModelCheckpoint{'monitor': 'metrics/MAE_val', 'mode': 'min', 'every_n_train_steps': 0, 'every_n_epochs': 1, 'train_time_interval': None}.on_sanity_check_start    	|  1.4e-06        	|  1              	|  1.4e-06        	|  6.0896e-08     	|
|  [LightningModule]PAEDeepModel.on_fit_end                                                                                                                                    	|  1.387e-06      	|  1              	|  1.387e-06      	|  6.0329e-08     	|
|  [Callback]ModelCheckpoint{'monitor': 'metrics/MAE_val', 'mode': 'min', 'every_n_train_steps': 0, 'every_n_epochs': 1, 'train_time_interval': None}.on_test_epoch_end        	|  1.375e-06      	|  1              	|  1.375e-06      	|  5.9807e-08     	|
|  [Callback]RichModelSummary.on_test_epoch_end                                                                                                                                	|  1.363e-06      	|  1              	|  1.363e-06      	|  5.9286e-08     	|
|  [Callback]ModelCheckpoint{'monitor': 'metrics/MAE_val', 'mode': 'min', 'every_n_train_steps': 0, 'every_n_epochs': 1, 'train_time_interval': None}.on_fit_end               	|  1.264e-06      	|  1              	|  1.264e-06      	|  5.4981e-08     	|
|  [Callback]RichModelSummary.on_train_end                                                                                                                                     	|  1.199e-06      	|  1              	|  1.199e-06      	|  5.2151e-08     	|
|  [Callback]RichModelSummary.on_fit_end                                                                                                                                       	|  1.1971e-06     	|  1              	|  1.1971e-06     	|  5.207e-08      	|
|  [Callback]ModelCheckpoint{'monitor': 'metrics/MAE_val', 'mode': 'min', 'every_n_train_steps': 0, 'every_n_epochs': 1, 'train_time_interval': None}.on_train_end             	|  1.1809e-06     	|  1              	|  1.1809e-06     	|  5.1366e-08     	|
|  [LightningModule]PAEDeepModel.on_train_end                                                                                                                                  	|  1.0721e-06     	|  1              	|  1.0721e-06     	|  4.6631e-08     	|
|  [Callback]ModelCheckpoint{'monitor': 'metrics/MAE_val', 'mode': 'min', 'every_n_train_steps': 0, 'every_n_epochs': 1, 'train_time_interval': None}.on_test_epoch_start      	|  9.3598e-07     	|  1              	|  9.3598e-07     	|  4.0712e-08     	|
|  [Callback]RichModelSummary.on_test_epoch_start                                                                                                                              	|  9.0199e-07     	|  1              	|  9.0199e-07     	|  3.9233e-08     	|
|  [Strategy]SingleDeviceStrategy.on_train_end                                                                                                                                 	|  8.3703e-07     	|  1              	|  8.3703e-07     	|  3.6408e-08     	|
|  [LightningModule]PAEDeepModel.on_test_epoch_start                                                                                                                           	|  7.1002e-07     	|  1              	|  7.1002e-07     	|  3.0883e-08     	|
----------------------------------------------------------------------------------------------------------------------------------------------------------------------------------------------------------------------------------------------------------------------------------

[1;34mwandb[0m: 🚀 View run [33mT1230-1152_PAEDeep_965ff[0m at: [34mhttps://wandb.ai/amaruc-eth-z-rich/Deep Learning/runs/c4lmvx4g[0m
