Start training
GPU available: True (cuda), used: False
TPU available: False, using: 0 TPU cores
HPU available: False, using: 0 HPUs
/home/amaruc/DeepPhase4Audio/.env/lib/python3.12/site-packages/pytorch_lightning/trainer/setup.py:177: GPU available but not used. You can set it by doing `Trainer(accelerator='gpu')`.
wandb: Using wandb-core as the SDK backend.  Please refer to https://wandb.me/wandb-core for more information.
wandb: Currently logged in as: amaruc (amaruc-eth-z-rich). Use `wandb login --relogin` to force relogin
wandb: Tracking run with wandb version 0.19.0
wandb: Run data is saved locally in ./wandb/run-20241230_134247-1y8geoi4
wandb: Run `wandb offline` to turn off syncing.
wandb: Syncing run T1230-1342_PAEDeep_3e754
wandb: ⭐️ View project at https://wandb.ai/amaruc-eth-z-rich/Deep%20Learning
wandb: 🚀 View run at https://wandb.ai/amaruc-eth-z-rich/Deep%20Learning/runs/1y8geoi4
/home/amaruc/DeepPhase4Audio/.env/lib/python3.12/site-packages/pytorch_lightning/callbacks/model_checkpoint.py:654: Checkpoint directory /home/amaruc/DeepPhase4Audio/logs/checkpoints exists and is not empty.
Number of samples in train split: 41
Number of samples in valid split: 5
Number of samples in test split: 6
┏━━━┳━━━━━━━━━━━┳━━━━━━━━━━┳━━━━━━━━┳━━━━━━━┓
┃   ┃ Name      ┃ Type     ┃ Params ┃ Mode  ┃
┡━━━╇━━━━━━━━━━━╇━━━━━━━━━━╇━━━━━━━━╇━━━━━━━┩
│ 0 │ model     │ PAEDeep  │  371 K │ train │
│ 1 │ loss      │ MSELoss  │      0 │ train │
│ 2 │ stft_loss │ STFTLoss │      0 │ train │
└───┴───────────┴──────────┴────────┴───────┘
Trainable params: 323 K                                                         
Non-trainable params: 48.0 K                                                    
Total params: 371 K                                                             
Total estimated model params size (MB): 1                                       
Modules in train mode: 17                                                       
Modules in eval mode: 0                                                         
SLURM auto-requeueing enabled. Setting signal handlers.
/home/amaruc/DeepPhase4Audio/.env/lib/python3.12/site-packages/torch/utils/data/dataloader.py:617: UserWarning: This DataLoader will create 7 worker processes in total. Our suggested max number of worker in current system is 2, which is smaller than what this DataLoader is going to create. Please be aware that excessive worker creation might get DataLoader running slow or even freeze, lower the worker number to avoid potential slowness/freeze if necessary.
  warnings.warn(
/home/amaruc/DeepPhase4Audio/.env/lib/python3.12/site-packages/torch/nn/modules/conv.py:370: UserWarning: Using padding='same' with even kernel lengths and odd dilation may require a zero-padded copy of the input be created (Triggered internally at ../aten/src/ATen/native/Convolution.cpp:1036.)
  return F.conv1d(
/home/amaruc/DeepPhase4Audio/.env/lib/python3.12/site-packages/pytorch_lightning/loops/fit_loop.py:298: The number of training batches (8) is smaller than the logging interval Trainer(log_every_n_steps=10). Set a lower value for log_every_n_steps if you want to see logs for the training epoch.
`Trainer.fit` stopped: `max_epochs=400` reached.
Epoch 399/399 ━━━━━━━━━━━━━━━━━ 8/8 0:00:03 • 0:00:00 2.47it/s v_num: 4_75      
                                                               loss_train/mse_l…
                                                               6.708e-02        
                                                               loss_train/stft_…
                                                               8.542e-01        
                                                               loss_train/stft_…
                                                               1.857e+00        
                                                               loss_train/total…
                                                               2.860e+00        
FIT Profiler Report

----------------------------------------------------------------------------------------------------------------------------------------------------------------------------------------------------------------------------------------------------------------------------------
|  Action                                                                                                                                                                      	|  Mean duration (s)	|  Num calls      	|  Total time (s) 	|  Percentage %   	|
----------------------------------------------------------------------------------------------------------------------------------------------------------------------------------------------------------------------------------------------------------------------------------
|  Total                                                                                                                                                                       	|  -              	|  132873         	|  2537.6         	|  100 %          	|
----------------------------------------------------------------------------------------------------------------------------------------------------------------------------------------------------------------------------------------------------------------------------------
|  run_training_epoch                                                                                                                                                          	|  6.3287         	|  400            	|  2531.5         	|  99.76          	|
|  run_training_batch                                                                                                                                                          	|  0.41391        	|  3200           	|  1324.5         	|  52.196         	|
|  [LightningModule]PAEDeepModel.optimizer_step                                                                                                                                	|  0.41329        	|  3200           	|  1322.5         	|  52.118         	|
|  [Strategy]SingleDeviceStrategy.backward                                                                                                                                     	|  0.31022        	|  3200           	|  992.7          	|  39.12          	|
|  [Strategy]SingleDeviceStrategy.validation_step                                                                                                                              	|  2.3595         	|  401            	|  946.18         	|  37.287         	|
|  [Strategy]SingleDeviceStrategy.training_step                                                                                                                                	|  0.098867       	|  3200           	|  316.37         	|  12.468         	|
|  [Callback]RichProgressBar.on_train_batch_end                                                                                                                                	|  0.0010065      	|  3200           	|  3.2208         	|  0.12692        	|
|  [Callback]RichProgressBar.on_validation_batch_start                                                                                                                         	|  0.0020778      	|  401            	|  0.83321        	|  0.032835       	|
|  [_TrainingEpochLoop].train_dataloader_next                                                                                                                                  	|  0.0002244      	|  3200           	|  0.71807        	|  0.028298       	|
|  [LightningModule]PAEDeepModel.optimizer_zero_grad                                                                                                                           	|  0.00020624     	|  3200           	|  0.65998        	|  0.026008       	|
|  [_EvaluationLoop].val_next                                                                                                                                                  	|  0.0015231      	|  401            	|  0.61076        	|  0.024069       	|
|  [LightningModule]PAEDeepModel.on_validation_model_zero_grad                                                                                                                 	|  0.0012014      	|  400            	|  0.48057        	|  0.018938       	|
|  [Callback]RichProgressBar.on_validation_batch_end                                                                                                                           	|  0.0009051      	|  401            	|  0.36295        	|  0.014303       	|
|  [Callback]ModelCheckpoint{'monitor': 'metrics/MAE_val', 'mode': 'min', 'every_n_train_steps': 0, 'every_n_epochs': 1, 'train_time_interval': None}.on_train_epoch_end       	|  0.00080283     	|  400            	|  0.32113        	|  0.012655       	|
|  [Strategy]SingleDeviceStrategy.batch_to_device                                                                                                                              	|  8.4816e-05     	|  3601           	|  0.30542        	|  0.012036       	|
|  [Callback]RichProgressBar.on_train_epoch_start                                                                                                                              	|  0.00049572     	|  400            	|  0.19829        	|  0.0078142      	|
|  [LightningModule]PAEDeepModel.transfer_batch_to_device                                                                                                                      	|  4.7121e-05     	|  3601           	|  0.16968        	|  0.0066869      	|
|  [LightningModule]PAEDeepModel.configure_gradient_clipping                                                                                                                   	|  5.1629e-05     	|  3200           	|  0.16521        	|  0.0065107      	|
|  [Callback]RichProgressBar.on_validation_epoch_end                                                                                                                           	|  0.00023448     	|  401            	|  0.094025       	|  0.0037053      	|
|  [LightningModule]PAEDeepModel.on_validation_model_eval                                                                                                                      	|  0.00022777     	|  401            	|  0.091338       	|  0.0035994      	|
|  [Callback]RichProgressBar.on_validation_end                                                                                                                                 	|  0.00014472     	|  401            	|  0.058031       	|  0.0022869      	|
|  [Callback]ModelCheckpoint{'monitor': 'metrics/MAE_val', 'mode': 'min', 'every_n_train_steps': 0, 'every_n_epochs': 1, 'train_time_interval': None}.on_train_batch_end       	|  1.5961e-05     	|  3200           	|  0.051074       	|  0.0020127      	|
|  [LightningModule]PAEDeepModel.lr_scheduler_step                                                                                                                             	|  0.00011308     	|  400            	|  0.04523        	|  0.0017824      	|
|  [Callback]RichProgressBar.on_after_backward                                                                                                                                 	|  6.7762e-06     	|  3200           	|  0.021684       	|  0.00085451     	|
|  [Callback]ModelCheckpoint{'monitor': 'metrics/MAE_val', 'mode': 'min', 'every_n_train_steps': 0, 'every_n_epochs': 1, 'train_time_interval': None}.on_validation_end        	|  4.8125e-05     	|  401            	|  0.019298       	|  0.0007605      	|
|  [Callback]RichProgressBar.on_train_epoch_end                                                                                                                                	|  4.4548e-05     	|  400            	|  0.017819       	|  0.00070221     	|
|  [Callback]RichProgressBar.on_before_zero_grad                                                                                                                               	|  3.557e-06      	|  3200           	|  0.011383       	|  0.00044856     	|
|  [LightningModule]PAEDeepModel.on_before_batch_transfer                                                                                                                      	|  2.9763e-06     	|  3601           	|  0.010718       	|  0.00042236     	|
|  [Callback]RichProgressBar.on_validation_start                                                                                                                               	|  2.669e-05      	|  401            	|  0.010703       	|  0.00042177     	|
|  [Callback]RichProgressBar.on_before_backward                                                                                                                                	|  3.0479e-06     	|  3200           	|  0.0097532      	|  0.00038435     	|
|  [Callback]RichModelSummary.on_train_batch_end                                                                                                                               	|  3.0456e-06     	|  3200           	|  0.009746       	|  0.00038407     	|
|  [Callback]RichProgressBar.on_train_batch_start                                                                                                                              	|  2.4151e-06     	|  3200           	|  0.0077283      	|  0.00030456     	|
|  [Callback]RichModelSummary.on_fit_start                                                                                                                                     	|  0.0075555      	|  1              	|  0.0075555      	|  0.00029775     	|
|  [Callback]ModelCheckpoint{'monitor': 'metrics/MAE_val', 'mode': 'min', 'every_n_train_steps': 0, 'every_n_epochs': 1, 'train_time_interval': None}.on_after_backward        	|  2.0614e-06     	|  3200           	|  0.0065964      	|  0.00025995     	|
|  [Callback]RichProgressBar.on_before_optimizer_step                                                                                                                          	|  1.9495e-06     	|  3200           	|  0.0062385      	|  0.00024584     	|
|  [LightningModule]PAEDeepModel.on_train_batch_start                                                                                                                          	|  1.4954e-06     	|  3200           	|  0.0047851      	|  0.00018857     	|
|  [Callback]RichProgressBar.teardown                                                                                                                                          	|  0.0044628      	|  1              	|  0.0044628      	|  0.00017587     	|
|  [Strategy]SingleDeviceStrategy.on_train_batch_start                                                                                                                         	|  1.3598e-06     	|  3200           	|  0.0043515      	|  0.00017148     	|
|  [LightningModule]PAEDeepModel.on_after_batch_transfer                                                                                                                       	|  1.1545e-06     	|  3601           	|  0.0041572      	|  0.00016383     	|
|  [LightningModule]PAEDeepModel.on_after_backward                                                                                                                             	|  1.2679e-06     	|  3200           	|  0.0040572      	|  0.00015989     	|
|  [LightningModule]PAEDeepModel.on_train_batch_end                                                                                                                            	|  1.2652e-06     	|  3200           	|  0.0040485      	|  0.00015954     	|
|  [LightningModule]PAEDeepModel.on_before_zero_grad                                                                                                                           	|  1.2502e-06     	|  3200           	|  0.0040005      	|  0.00015765     	|
|  [Callback]RichModelSummary.on_after_backward                                                                                                                                	|  1.2347e-06     	|  3200           	|  0.003951       	|  0.0001557      	|
|  [LightningModule]PAEDeepModel.on_before_backward                                                                                                                            	|  1.1022e-06     	|  3200           	|  0.0035271      	|  0.00013899     	|
|  [Callback]RichModelSummary.on_before_zero_grad                                                                                                                              	|  1.0422e-06     	|  3200           	|  0.003335       	|  0.00013142     	|
|  [LightningModule]PAEDeepModel.on_before_optimizer_step                                                                                                                      	|  1.0067e-06     	|  3200           	|  0.0032214      	|  0.00012695     	|
|  [Callback]RichModelSummary.on_train_batch_start                                                                                                                             	|  9.4722e-07     	|  3200           	|  0.0030311      	|  0.00011945     	|
|  [Callback]RichModelSummary.on_before_backward                                                                                                                               	|  9.3518e-07     	|  3200           	|  0.0029926      	|  0.00011793     	|
|  [Callback]ModelCheckpoint{'monitor': 'metrics/MAE_val', 'mode': 'min', 'every_n_train_steps': 0, 'every_n_epochs': 1, 'train_time_interval': None}.on_train_batch_start     	|  9.3126e-07     	|  3200           	|  0.00298        	|  0.00011744     	|
|  [Callback]ModelCheckpoint{'monitor': 'metrics/MAE_val', 'mode': 'min', 'every_n_train_steps': 0, 'every_n_epochs': 1, 'train_time_interval': None}.on_before_zero_grad      	|  9.2198e-07     	|  3200           	|  0.0029503      	|  0.00011627     	|
|  [Callback]RichModelSummary.on_before_optimizer_step                                                                                                                         	|  8.5782e-07     	|  3200           	|  0.002745       	|  0.00010818     	|
|  [Callback]ModelCheckpoint{'monitor': 'metrics/MAE_val', 'mode': 'min', 'every_n_train_steps': 0, 'every_n_epochs': 1, 'train_time_interval': None}.on_before_backward       	|  8.3983e-07     	|  3200           	|  0.0026875      	|  0.00010591     	|
|  [Callback]ModelCheckpoint{'monitor': 'metrics/MAE_val', 'mode': 'min', 'every_n_train_steps': 0, 'every_n_epochs': 1, 'train_time_interval': None}.on_before_optimizer_step 	|  8.3639e-07     	|  3200           	|  0.0026765      	|  0.00010547     	|
|  [Callback]RichModelSummary.on_validation_start                                                                                                                              	|  5.5655e-06     	|  401            	|  0.0022318      	|  8.7948e-05     	|
|  [Callback]RichProgressBar.on_validation_epoch_start                                                                                                                         	|  5.4124e-06     	|  401            	|  0.0021704      	|  8.5529e-05     	|
|  [LightningModule]PAEDeepModel.on_validation_start                                                                                                                           	|  4.9924e-06     	|  401            	|  0.002002       	|  7.8893e-05     	|
|  [Strategy]SingleDeviceStrategy.on_validation_start                                                                                                                          	|  4.7108e-06     	|  401            	|  0.001889       	|  7.4442e-05     	|
|  [Callback]RichModelSummary.on_validation_batch_start                                                                                                                        	|  4.0292e-06     	|  401            	|  0.0016157      	|  6.3672e-05     	|
|  [Callback]ModelCheckpoint{'monitor': 'metrics/MAE_val', 'mode': 'min', 'every_n_train_steps': 0, 'every_n_epochs': 1, 'train_time_interval': None}.setup                    	|  0.001382       	|  1              	|  0.001382       	|  5.4461e-05     	|
|  [LightningModule]PAEDeepModel.val_dataloader                                                                                                                                	|  0.0011647      	|  1              	|  0.0011647      	|  4.5897e-05     	|
|  [Callback]RichModelSummary.on_validation_batch_end                                                                                                                          	|  2.8562e-06     	|  401            	|  0.0011453      	|  4.5135e-05     	|
|  [Callback]RichModelSummary.on_train_epoch_start                                                                                                                             	|  2.4305e-06     	|  400            	|  0.00097219     	|  3.8312e-05     	|
|  [Callback]RichModelSummary.on_validation_end                                                                                                                                	|  2.2956e-06     	|  401            	|  0.00092055     	|  3.6277e-05     	|
|  [Callback]RichModelSummary.on_validation_epoch_end                                                                                                                          	|  2.2542e-06     	|  401            	|  0.00090392     	|  3.5621e-05     	|
|  [LightningModule]PAEDeepModel.on_validation_epoch_end                                                                                                                       	|  1.7694e-06     	|  401            	|  0.00070954     	|  2.7961e-05     	|
|  [Callback]RichModelSummary.on_train_epoch_end                                                                                                                               	|  1.7699e-06     	|  400            	|  0.00070797     	|  2.79e-05       	|
|  [Callback]ModelCheckpoint{'monitor': 'metrics/MAE_val', 'mode': 'min', 'every_n_train_steps': 0, 'every_n_epochs': 1, 'train_time_interval': None}.on_validation_batch_end  	|  1.406e-06      	|  401            	|  0.00056382     	|  2.2219e-05     	|
|  [LightningModule]PAEDeepModel.on_validation_batch_start                                                                                                                     	|  1.3869e-06     	|  401            	|  0.00055616     	|  2.1917e-05     	|
|  [Callback]ModelCheckpoint{'monitor': 'metrics/MAE_val', 'mode': 'min', 'every_n_train_steps': 0, 'every_n_epochs': 1, 'train_time_interval': None}.on_validation_batch_start	|  1.3425e-06     	|  401            	|  0.00053833     	|  2.1214e-05     	|
|  [LightningModule]PAEDeepModel.on_validation_batch_end                                                                                                                       	|  1.3378e-06     	|  401            	|  0.00053646     	|  2.1141e-05     	|
|  [LightningModule]PAEDeepModel.on_validation_end                                                                                                                             	|  1.3081e-06     	|  401            	|  0.00052453     	|  2.0671e-05     	|
|  [LightningModule]PAEDeepModel.on_train_epoch_end                                                                                                                            	|  1.3008e-06     	|  400            	|  0.00052033     	|  2.0505e-05     	|
|  [Callback]ModelCheckpoint{'monitor': 'metrics/MAE_val', 'mode': 'min', 'every_n_train_steps': 0, 'every_n_epochs': 1, 'train_time_interval': None}.on_validation_start      	|  1.1409e-06     	|  401            	|  0.0004575      	|  1.8029e-05     	|
|  [Callback]ModelCheckpoint{'monitor': 'metrics/MAE_val', 'mode': 'min', 'every_n_train_steps': 0, 'every_n_epochs': 1, 'train_time_interval': None}.on_train_epoch_start     	|  1.0941e-06     	|  400            	|  0.00043766     	|  1.7247e-05     	|
|  [LightningModule]PAEDeepModel.on_train_epoch_start                                                                                                                          	|  1.0912e-06     	|  400            	|  0.0004365      	|  1.7201e-05     	|
|  [LightningModule]PAEDeepModel.on_validation_epoch_start                                                                                                                     	|  1.0433e-06     	|  401            	|  0.00041836     	|  1.6487e-05     	|
|  [Callback]ModelCheckpoint{'monitor': 'metrics/MAE_val', 'mode': 'min', 'every_n_train_steps': 0, 'every_n_epochs': 1, 'train_time_interval': None}.on_validation_epoch_end  	|  1.0214e-06     	|  401            	|  0.00040956     	|  1.614e-05      	|
|  [Callback]RichProgressBar.on_sanity_check_start                                                                                                                             	|  0.00039944     	|  1              	|  0.00039944     	|  1.5741e-05     	|
|  [LightningModule]PAEDeepModel.train_dataloader                                                                                                                              	|  0.00038075     	|  1              	|  0.00038075     	|  1.5004e-05     	|
|  [Strategy]SingleDeviceStrategy.on_validation_end                                                                                                                            	|  8.853e-07      	|  401            	|  0.000355       	|  1.399e-05      	|
|  [Callback]ModelCheckpoint{'monitor': 'metrics/MAE_val', 'mode': 'min', 'every_n_train_steps': 0, 'every_n_epochs': 1, 'train_time_interval': None}.on_validation_epoch_start	|  8.7055e-07     	|  401            	|  0.00034909     	|  1.3757e-05     	|
|  [LightningModule]PAEDeepModel.configure_optimizers                                                                                                                          	|  0.00033407     	|  1              	|  0.00033407     	|  1.3165e-05     	|
|  [Callback]RichModelSummary.on_validation_epoch_start                                                                                                                        	|  7.8082e-07     	|  401            	|  0.00031311     	|  1.2339e-05     	|
|  [Callback]RichProgressBar.on_sanity_check_end                                                                                                                               	|  0.00011499     	|  1              	|  0.00011499     	|  4.5315e-06     	|
|  [Callback]RichProgressBar.on_train_start                                                                                                                                    	|  3.393e-05      	|  1              	|  3.393e-05      	|  1.3371e-06     	|
|  [Callback]ModelCheckpoint{'monitor': 'metrics/MAE_val', 'mode': 'min', 'every_n_train_steps': 0, 'every_n_epochs': 1, 'train_time_interval': None}.on_train_start           	|  1e-05          	|  1              	|  1e-05          	|  3.9408e-07     	|
|  [Callback]RichProgressBar.setup                                                                                                                                             	|  9.084e-06      	|  1              	|  9.084e-06      	|  3.5798e-07     	|
|  [Callback]RichModelSummary.on_sanity_check_end                                                                                                                              	|  8.7189e-06     	|  1              	|  8.7189e-06     	|  3.4359e-07     	|
|  [Callback]RichProgressBar.on_fit_end                                                                                                                                        	|  6.4149e-06     	|  1              	|  6.4149e-06     	|  2.528e-07      	|
|  [Callback]RichModelSummary.on_train_start                                                                                                                                   	|  4.9779e-06     	|  1              	|  4.9779e-06     	|  1.9617e-07     	|
|  [LightningModule]PAEDeepModel.on_train_start                                                                                                                                	|  4.519e-06      	|  1              	|  4.519e-06      	|  1.7808e-07     	|
|  [Strategy]SingleDeviceStrategy.on_train_start                                                                                                                               	|  4.446e-06      	|  1              	|  4.446e-06      	|  1.7521e-07     	|
|  [Callback]RichModelSummary.teardown                                                                                                                                         	|  3.8489e-06     	|  1              	|  3.8489e-06     	|  1.5168e-07     	|
|  [Callback]ModelCheckpoint{'monitor': 'metrics/MAE_val', 'mode': 'min', 'every_n_train_steps': 0, 'every_n_epochs': 1, 'train_time_interval': None}.on_fit_start             	|  3.58e-06       	|  1              	|  3.58e-06       	|  1.4108e-07     	|
|  [Callback]RichProgressBar.on_fit_start                                                                                                                                      	|  3.318e-06      	|  1              	|  3.318e-06      	|  1.3075e-07     	|
|  [Callback]RichModelSummary.on_sanity_check_start                                                                                                                            	|  2.7891e-06     	|  1              	|  2.7891e-06     	|  1.0991e-07     	|
|  [Callback]RichModelSummary.setup                                                                                                                                            	|  2.6671e-06     	|  1              	|  2.6671e-06     	|  1.051e-07      	|
|  [Callback]RichProgressBar.on_train_end                                                                                                                                      	|  2.576e-06      	|  1              	|  2.576e-06      	|  1.0152e-07     	|
|  [Callback]RichProgressBar.on_save_checkpoint                                                                                                                                	|  2.412e-06      	|  1              	|  2.412e-06      	|  9.5052e-08     	|
|  [LightningModule]PAEDeepModel.setup                                                                                                                                         	|  2.3551e-06     	|  1              	|  2.3551e-06     	|  9.2809e-08     	|
|  [LightningModule]PAEDeepModel.configure_callbacks                                                                                                                           	|  2.332e-06      	|  1              	|  2.332e-06      	|  9.19e-08       	|
|  [Callback]ModelCheckpoint{'monitor': 'metrics/MAE_val', 'mode': 'min', 'every_n_train_steps': 0, 'every_n_epochs': 1, 'train_time_interval': None}.teardown                 	|  1.7371e-06     	|  1              	|  1.7371e-06     	|  6.8457e-08     	|
|  [LightningModule]PAEDeepModel.teardown                                                                                                                                      	|  1.678e-06      	|  1              	|  1.678e-06      	|  6.6127e-08     	|
|  [Callback]ModelCheckpoint{'monitor': 'metrics/MAE_val', 'mode': 'min', 'every_n_train_steps': 0, 'every_n_epochs': 1, 'train_time_interval': None}.on_sanity_check_start    	|  1.493e-06      	|  1              	|  1.493e-06      	|  5.8837e-08     	|
|  [Callback]RichModelSummary.on_save_checkpoint                                                                                                                               	|  1.4671e-06     	|  1              	|  1.4671e-06     	|  5.7814e-08     	|
|  [LightningModule]PAEDeepModel.on_fit_start                                                                                                                                  	|  1.375e-06      	|  1              	|  1.375e-06      	|  5.4185e-08     	|
|  [LightningModule]PAEDeepModel.on_fit_end                                                                                                                                    	|  1.322e-06      	|  1              	|  1.322e-06      	|  5.2098e-08     	|
|  [Callback]ModelCheckpoint{'monitor': 'metrics/MAE_val', 'mode': 'min', 'every_n_train_steps': 0, 'every_n_epochs': 1, 'train_time_interval': None}.on_sanity_check_end      	|  1.299e-06      	|  1              	|  1.299e-06      	|  5.1189e-08     	|
|  [Strategy]SingleDeviceStrategy.on_train_end                                                                                                                                 	|  1.2622e-06     	|  1              	|  1.2622e-06     	|  4.974e-08      	|
|  [Callback]RichModelSummary.on_fit_end                                                                                                                                       	|  1.2158e-06     	|  1              	|  1.2158e-06     	|  4.7914e-08     	|
|  [Callback]ModelCheckpoint{'monitor': 'metrics/MAE_val', 'mode': 'min', 'every_n_train_steps': 0, 'every_n_epochs': 1, 'train_time_interval': None}.on_save_checkpoint       	|  1.211e-06      	|  1              	|  1.211e-06      	|  4.7721e-08     	|
|  [Callback]RichModelSummary.on_train_end                                                                                                                                     	|  1.0999e-06     	|  1              	|  1.0999e-06     	|  4.3344e-08     	|
|  [LightningModule]PAEDeepModel.on_train_end                                                                                                                                  	|  1.0361e-06     	|  1              	|  1.0361e-06     	|  4.083e-08      	|
|  [Callback]ModelCheckpoint{'monitor': 'metrics/MAE_val', 'mode': 'min', 'every_n_train_steps': 0, 'every_n_epochs': 1, 'train_time_interval': None}.on_fit_end               	|  9.7696e-07     	|  1              	|  9.7696e-07     	|  3.85e-08       	|
|  [LightningModule]PAEDeepModel.on_save_checkpoint                                                                                                                            	|  8.3598e-07     	|  1              	|  8.3598e-07     	|  3.2944e-08     	|
|  [Callback]ModelCheckpoint{'monitor': 'metrics/MAE_val', 'mode': 'min', 'every_n_train_steps': 0, 'every_n_epochs': 1, 'train_time_interval': None}.on_train_end             	|  7.6205e-07     	|  1              	|  7.6205e-07     	|  3.0031e-08     	|
----------------------------------------------------------------------------------------------------------------------------------------------------------------------------------------------------------------------------------------------------------------------------------

SLURM auto-requeueing enabled. Setting signal handlers.
Testing ━━━━━━━━━━━━━━━━━━━╸                    1/2 0:00:00 • -:--:-- 0.00it/s 
Traceback (most recent call last):
  File "<frozen runpy>", line 198, in _run_module_as_main
  File "<frozen runpy>", line 88, in _run_code
  File "/home/amaruc/DeepPhase4Audio/src/scripts/train_deep.py", line 89, in <module>
    main()
  File "/home/amaruc/DeepPhase4Audio/src/scripts/train_deep.py", line 85, in main
    trainer.test(model)
  File "/home/amaruc/DeepPhase4Audio/.env/lib/python3.12/site-packages/pytorch_lightning/trainer/trainer.py", line 748, in test
    return call._call_and_handle_interrupt(
           ^^^^^^^^^^^^^^^^^^^^^^^^^^^^^^^^
  File "/home/amaruc/DeepPhase4Audio/.env/lib/python3.12/site-packages/pytorch_lightning/trainer/call.py", line 47, in _call_and_handle_interrupt
    return trainer_fn(*args, **kwargs)
           ^^^^^^^^^^^^^^^^^^^^^^^^^^^
  File "/home/amaruc/DeepPhase4Audio/.env/lib/python3.12/site-packages/pytorch_lightning/trainer/trainer.py", line 788, in _test_impl
    results = self._run(model, ckpt_path=ckpt_path)
              ^^^^^^^^^^^^^^^^^^^^^^^^^^^^^^^^^^^^^
  File "/home/amaruc/DeepPhase4Audio/.env/lib/python3.12/site-packages/pytorch_lightning/trainer/trainer.py", line 981, in _run
    results = self._run_stage()
              ^^^^^^^^^^^^^^^^^
  File "/home/amaruc/DeepPhase4Audio/.env/lib/python3.12/site-packages/pytorch_lightning/trainer/trainer.py", line 1018, in _run_stage
    return self._evaluation_loop.run()
           ^^^^^^^^^^^^^^^^^^^^^^^^^^^
  File "/home/amaruc/DeepPhase4Audio/.env/lib/python3.12/site-packages/pytorch_lightning/loops/utilities.py", line 178, in _decorator
    return loop_run(self, *args, **kwargs)
           ^^^^^^^^^^^^^^^^^^^^^^^^^^^^^^^
  File "/home/amaruc/DeepPhase4Audio/.env/lib/python3.12/site-packages/pytorch_lightning/loops/evaluation_loop.py", line 135, in run
    self._evaluation_step(batch, batch_idx, dataloader_idx, dataloader_iter)
  File "/home/amaruc/DeepPhase4Audio/.env/lib/python3.12/site-packages/pytorch_lightning/loops/evaluation_loop.py", line 396, in _evaluation_step
    output = call._call_strategy_hook(trainer, hook_name, *step_args)
             ^^^^^^^^^^^^^^^^^^^^^^^^^^^^^^^^^^^^^^^^^^^^^^^^^^^^^^^^
  File "/home/amaruc/DeepPhase4Audio/.env/lib/python3.12/site-packages/pytorch_lightning/trainer/call.py", line 319, in _call_strategy_hook
    output = fn(*args, **kwargs)
             ^^^^^^^^^^^^^^^^^^^
  File "/home/amaruc/DeepPhase4Audio/.env/lib/python3.12/site-packages/pytorch_lightning/strategies/strategy.py", line 424, in test_step
    return self.lightning_module.test_step(*args, **kwargs)
           ^^^^^^^^^^^^^^^^^^^^^^^^^^^^^^^^^^^^^^^^^^^^^^^^
  File "/home/amaruc/DeepPhase4Audio/src/experiments/pae_deep.py", line 147, in test_step
    act = batch[i,0].numpy()
          ~~~~~^^^^^
IndexError: index 1 is out of bounds for dimension 0 with size 1
[1;34mwandb[0m: 🚀 View run [33mT1230-1342_PAEDeep_3e754[0m at: [34mhttps://wandb.ai/amaruc-eth-z-rich/Deep Learning/runs/1y8geoi4[0m
